<testExecutions version="1">
<file path="src/pages/logins/index.test.js">
<testCase name="Input handle login with non-empty email and password" duration="502" />
<testCase name="Input handle login with empty email and password" duration="273" />
</file>
<file path="src/App.test.js">
<testCase name="full app rendering/navigating to login and logout" duration="199">
<failure message="Error"><![CDATA[TestingLibraryElementError: Unable to find an element by: [data-testid=&quot;login-link&quot;]

&lt;body&gt;
  &lt;div&gt;
    &lt;nav
      class=&quot;Nav navbar navbar-expand navbar-dark bg-primary&quot;
    &gt;
      &lt;span
        class=&quot;navbar-brand&quot;
      &gt;
        &lt;span
          class=&quot;headerLinks navbar-text&quot;
        &gt;
          &lt;div
            class=&quot;row&quot;
          &gt;
            &lt;a
              href=&quot;/home&quot;
            &gt;
              &lt;div
                class=&quot;col&quot;
              &gt;
                &lt;div
                  class=&quot;justify-content-md-center row&quot;
                &gt;
                  &lt;span
                    class=&quot;headerLinks&quot;
                  &gt;
                    PULSeBS
                  &lt;/span&gt;
                &lt;/div&gt;
                &lt;div
                  class=&quot;justify-content-md-center row&quot;
                &gt;
                  &lt;span
                    class=&quot;headerNames&quot;
                  &gt;
                     
                    Pandemic University Lecture Seat Booking System
                  &lt;/span&gt;
                &lt;/div&gt;
              &lt;/div&gt;
            &lt;/a&gt;
          &lt;/div&gt;
        &lt;/span&gt;
      &lt;/span&gt;
      &lt;div
        class=&quot;justify-content-end navbar-collapse collapse&quot;
      /&gt;
      &lt;div
        class=&quot;ml-md-auto navbar-nav&quot;
      &gt;
        &lt;span
          class=&quot;navbar-text&quot;
        /&gt;
      &lt;/div&gt;
    &lt;/nav&gt;
    &lt;div
      class=&quot;container&quot;
      data-testid=&quot;home-page&quot;
    &gt;
      &lt;div
        class=&quot;col&quot;
      &gt;
        &lt;div
          class=&quot;justify-content-md-center below-nav row&quot;
        &gt;
          &lt;h1&gt;
            Welcome
          &lt;/h1&gt;
        &lt;/div&gt;
        &lt;div
          class=&quot;justify-content-md-center below-nav row&quot;
        &gt;
          &lt;h3&gt;
            This is a tool to manage bookings of lectures during this pandemic period
            &lt;br /&gt;
            &lt;br /&gt;
          &lt;/h3&gt;
        &lt;/div&gt;
      &lt;/div&gt;
    &lt;/div&gt;
  &lt;/div&gt;
&lt;/body&gt;
    at Object.getElementError (/home/daniele/Scrivania/PULSeBS-Team8/client/node_modules/@testing-library/dom/dist/config.js:37:19)
    at allQuery (/home/daniele/Scrivania/PULSeBS-Team8/client/node_modules/@testing-library/dom/dist/query-helpers.js:90:38)
    at query (/home/daniele/Scrivania/PULSeBS-Team8/client/node_modules/@testing-library/dom/dist/query-helpers.js:62:17)
    at getByTestId (/home/daniele/Scrivania/PULSeBS-Team8/client/node_modules/@testing-library/dom/dist/query-helpers.js:106:19)
    at Object.&lt;anonymous&gt; (/home/daniele/Scrivania/PULSeBS-Team8/client/src/App.test.js:38:17)
    at Promise.then.completed (/home/daniele/Scrivania/PULSeBS-Team8/client/node_modules/jest-circus/build/utils.js:276:28)
    at new Promise (&lt;anonymous&gt;)
    at callAsyncCircusFn (/home/daniele/Scrivania/PULSeBS-Team8/client/node_modules/jest-circus/build/utils.js:216:10)
    at _callCircusTest (/home/daniele/Scrivania/PULSeBS-Team8/client/node_modules/jest-circus/build/run.js:212:40)
    at processTicksAndRejections (internal/process/task_queues.js:97:5)
    at _runTest (/home/daniele/Scrivania/PULSeBS-Team8/client/node_modules/jest-circus/build/run.js:149:3)
    at _runTestsForDescribeBlock (/home/daniele/Scrivania/PULSeBS-Team8/client/node_modules/jest-circus/build/run.js:63:9)
    at run (/home/daniele/Scrivania/PULSeBS-Team8/client/node_modules/jest-circus/build/run.js:25:3)
    at runAndTransformResultsToJestFormat (/home/daniele/Scrivania/PULSeBS-Team8/client/node_modules/jest-circus/build/legacy-code-todo-rewrite/jestAdapterInit.js:176:21)
    at jestAdapter (/home/daniele/Scrivania/PULSeBS-Team8/client/node_modules/jest-circus/build/legacy-code-todo-rewrite/jestAdapter.js:109:19)
    at runTestInternal (/home/daniele/Scrivania/PULSeBS-Team8/client/node_modules/jest-runner/build/runTest.js:380:16)
    at runTest (/home/daniele/Scrivania/PULSeBS-Team8/client/node_modules/jest-runner/build/runTest.js:472:34)
    at Object.worker (/home/daniele/Scrivania/PULSeBS-Team8/client/node_modules/jest-runner/build/testWorker.js:133:12)]]></failure>
</testCase>
<testCase name="fail when getting the current user" duration="45">
<failure message="Error"><![CDATA[TestingLibraryElementError: Unable to find an element by: [data-testid=&quot;login-link&quot;]

&lt;body&gt;
  &lt;div&gt;
    &lt;nav
      class=&quot;Nav navbar navbar-expand navbar-dark bg-primary&quot;
    &gt;
      &lt;span
        class=&quot;navbar-brand&quot;
      &gt;
        &lt;span
          class=&quot;headerLinks navbar-text&quot;
        &gt;
          &lt;div
            class=&quot;row&quot;
          &gt;
            &lt;a
              href=&quot;/home&quot;
            &gt;
              &lt;div
                class=&quot;col&quot;
              &gt;
                &lt;div
                  class=&quot;justify-content-md-center row&quot;
                &gt;
                  &lt;span
                    class=&quot;headerLinks&quot;
                  &gt;
                    PULSeBS
                  &lt;/span&gt;
                &lt;/div&gt;
                &lt;div
                  class=&quot;justify-content-md-center row&quot;
                &gt;
                  &lt;span
                    class=&quot;headerNames&quot;
                  &gt;
                     
                    Pandemic University Lecture Seat Booking System
                  &lt;/span&gt;
                &lt;/div&gt;
              &lt;/div&gt;
            &lt;/a&gt;
          &lt;/div&gt;
        &lt;/span&gt;
      &lt;/span&gt;
      &lt;div
        class=&quot;justify-content-end navbar-collapse collapse&quot;
      /&gt;
      &lt;div
        class=&quot;ml-md-auto navbar-nav&quot;
      &gt;
        &lt;span
          class=&quot;navbar-text&quot;
        /&gt;
      &lt;/div&gt;
    &lt;/nav&gt;
    &lt;div
      class=&quot;container&quot;
      data-testid=&quot;home-page&quot;
    &gt;
      &lt;div
        class=&quot;col&quot;
      &gt;
        &lt;div
          class=&quot;justify-content-md-center below-nav row&quot;
        &gt;
          &lt;h1&gt;
            Welcome
          &lt;/h1&gt;
        &lt;/div&gt;
        &lt;div
          class=&quot;justify-content-md-center below-nav row&quot;
        &gt;
          &lt;h3&gt;
            This is a tool to manage bookings of lectures during this pandemic period
            &lt;br /&gt;
            &lt;br /&gt;
          &lt;/h3&gt;
        &lt;/div&gt;
      &lt;/div&gt;
    &lt;/div&gt;
  &lt;/div&gt;
&lt;/body&gt;
    at Object.getElementError (/home/daniele/Scrivania/PULSeBS-Team8/client/node_modules/@testing-library/dom/dist/config.js:37:19)
    at allQuery (/home/daniele/Scrivania/PULSeBS-Team8/client/node_modules/@testing-library/dom/dist/query-helpers.js:90:38)
    at query (/home/daniele/Scrivania/PULSeBS-Team8/client/node_modules/@testing-library/dom/dist/query-helpers.js:62:17)
    at getByTestId (/home/daniele/Scrivania/PULSeBS-Team8/client/node_modules/@testing-library/dom/dist/query-helpers.js:106:19)
    at Object.&lt;anonymous&gt; (/home/daniele/Scrivania/PULSeBS-Team8/client/src/App.test.js:91:17)
    at Promise.then.completed (/home/daniele/Scrivania/PULSeBS-Team8/client/node_modules/jest-circus/build/utils.js:276:28)
    at new Promise (&lt;anonymous&gt;)
    at callAsyncCircusFn (/home/daniele/Scrivania/PULSeBS-Team8/client/node_modules/jest-circus/build/utils.js:216:10)
    at _callCircusTest (/home/daniele/Scrivania/PULSeBS-Team8/client/node_modules/jest-circus/build/run.js:212:40)
    at processTicksAndRejections (internal/process/task_queues.js:97:5)
    at _runTest (/home/daniele/Scrivania/PULSeBS-Team8/client/node_modules/jest-circus/build/run.js:149:3)
    at _runTestsForDescribeBlock (/home/daniele/Scrivania/PULSeBS-Team8/client/node_modules/jest-circus/build/run.js:63:9)
    at run (/home/daniele/Scrivania/PULSeBS-Team8/client/node_modules/jest-circus/build/run.js:25:3)
    at runAndTransformResultsToJestFormat (/home/daniele/Scrivania/PULSeBS-Team8/client/node_modules/jest-circus/build/legacy-code-todo-rewrite/jestAdapterInit.js:176:21)
    at jestAdapter (/home/daniele/Scrivania/PULSeBS-Team8/client/node_modules/jest-circus/build/legacy-code-todo-rewrite/jestAdapter.js:109:19)
    at runTestInternal (/home/daniele/Scrivania/PULSeBS-Team8/client/node_modules/jest-runner/build/runTest.js:380:16)
    at runTest (/home/daniele/Scrivania/PULSeBS-Team8/client/node_modules/jest-runner/build/runTest.js:472:34)
    at Object.worker (/home/daniele/Scrivania/PULSeBS-Team8/client/node_modules/jest-runner/build/testWorker.js:133:12)]]></failure>
</testCase>
<testCase name="random routes redirect to home page" duration="41" />
</file>
<file path="src/Components/Student/AvailableCourses.test.js">
<testCase name="AvailableCourses page rendering with lectures list" duration="521" />
<testCase name="Successfully book a lecture" duration="120" />
<testCase name="Successfully cancel a lecture reservation" duration="107" />
</file>
<file path="src/Components/Student/StudentPage.test.js">
<testCase name="Student page rendering/navigation" duration="415" />
<testCase name="Student page rendering with lectures list" duration="1672" />
<testCase name="Student page rendering without lectures list" duration="427" />
<testCase name="Successfully book a lecture" duration="875" />
<testCase name="Should fail to book a lecture if not logged in" duration="654" />
<testCase name="Successfully cancel a lecture reservation" duration="590" />
<testCase name="Should fail to cancel a lecture reservation" duration="381" />
</file>
<file path="src/Components/Student/LecturesCalendar.test.js">
<testCase name="Calendar rendering with lectures list" duration="319" />
</file>
<file path="src/Components/Teacher/StudentList.test.js">
<testCase name="StudentList modal rendering with student list" duration="190" />
<testCase name="StudentList modal rendering without student list" duration="73" />
</file>
<file path="src/Components/Teacher/TeacherPage.test.js">
<testCase name="Teacher page rendering with lectures" duration="1405" />
<testCase name="Teacher page rendering with failing lectures api" duration="36" />
<testCase name="LectureTable filter lectures button works" duration="214" />
<testCase name="LectureTable cancel filter lectures button works" duration="180" />
<testCase name="Cancel lecture button from Teacher Page works" duration="691" />
<testCase name="Modify lecture button from Teacher Page works" duration="421" />
</file>
<file path="src/index.test.js">
<testCase name="Application root should render without crashing" duration="25" />
</file>
<file path="src/Components/Teacher/ActionsForm.test.js">
<testCase name="Cancel lecture button works" duration="142" />
<testCase name="Modify lecture button works" duration="118" />
</file>
<file path="src/api/api.test.js">
<testCase name="right login" duration="526" />
<testCase name="wrong login" duration="229" />
<testCase name="get auth user" duration="99" />
<testCase name="get no auth user" duration="28" />
<testCase name="logout" duration="27" />
<testCase name="loads and displays lectures for teachers" duration="1424" />
<testCase name="handlers server error for teacher lectures" duration="20" />
<testCase name="handlers message for no lectures (teacher)" duration="64" />
<testCase name="handlers message for no courses (teacher)" duration="62" />
<testCase name="loads and displays logs for teachers" duration="482" />
<testCase name="handle no logs error for teachers" duration="219" />
<testCase name="get student list with more some student" duration="99" />
<testCase name="get student list with no students" duration="70" />
<testCase name="teacher delete a lecture" duration="92" />
<testCase name="teacher modify a lecture" duration="98" />
<testCase name="show student lectures list" duration="1039">
<failure message="Error"><![CDATA[SyntaxError: Unexpected end of JSON input
    at parse (&lt;anonymous&gt;)
    at runNextTicks (internal/process/task_queues.js:62:5)
    at listOnTimeout (internal/timers.js:518:9)
    at processTimers (internal/timers.js:492:7)]]></failure>,<failure message="Error"><![CDATA[Error: Unable to find an element by: [data-testid=&quot;lecture-s-row&quot;]

&lt;body
  class=&quot;&quot;
  style=&quot;padding-right: 0px;&quot;
&gt;
  &lt;div&gt;
    &lt;div
      class=&quot;justify-content-md-center below-nav row&quot;
      data-testid=&quot;courses-page&quot;
    &gt;
      &lt;h3&gt;
        Available Courses: 
      &lt;/h3&gt;
    &lt;/div&gt;
  &lt;/div&gt;
&lt;/body&gt;
    at waitForWrapper (/home/daniele/Scrivania/PULSeBS-Team8/client/node_modules/@testing-library/dom/dist/wait-for.js:149:27)
    at Object.&lt;anonymous&gt; (/home/daniele/Scrivania/PULSeBS-Team8/client/src/api/api.test.js:255:11)
    at Promise.then.completed (/home/daniele/Scrivania/PULSeBS-Team8/client/node_modules/jest-circus/build/utils.js:276:28)
    at new Promise (&lt;anonymous&gt;)
    at callAsyncCircusFn (/home/daniele/Scrivania/PULSeBS-Team8/client/node_modules/jest-circus/build/utils.js:216:10)
    at _callCircusTest (/home/daniele/Scrivania/PULSeBS-Team8/client/node_modules/jest-circus/build/run.js:212:40)
    at _runTest (/home/daniele/Scrivania/PULSeBS-Team8/client/node_modules/jest-circus/build/run.js:149:3)
    at _runTestsForDescribeBlock (/home/daniele/Scrivania/PULSeBS-Team8/client/node_modules/jest-circus/build/run.js:63:9)
    at run (/home/daniele/Scrivania/PULSeBS-Team8/client/node_modules/jest-circus/build/run.js:25:3)
    at runAndTransformResultsToJestFormat (/home/daniele/Scrivania/PULSeBS-Team8/client/node_modules/jest-circus/build/legacy-code-todo-rewrite/jestAdapterInit.js:176:21)
    at jestAdapter (/home/daniele/Scrivania/PULSeBS-Team8/client/node_modules/jest-circus/build/legacy-code-todo-rewrite/jestAdapter.js:109:19)
    at runTestInternal (/home/daniele/Scrivania/PULSeBS-Team8/client/node_modules/jest-runner/build/runTest.js:380:16)
    at runTest (/home/daniele/Scrivania/PULSeBS-Team8/client/node_modules/jest-runner/build/runTest.js:472:34)
    at Object.worker (/home/daniele/Scrivania/PULSeBS-Team8/client/node_modules/jest-runner/build/testWorker.js:133:12)]]></failure>
</testCase>
<testCase name="show student lectures list for no auth user" duration="4" />
<testCase name="book a lecture" duration="1013">
<failure message="Error"><![CDATA[Error: Unable to find an element by: [data-testid=&quot;lecture-s-row&quot;]

&lt;body
  class=&quot;&quot;
  style=&quot;padding-right: 0px;&quot;
&gt;
  &lt;div&gt;
    &lt;div
      class=&quot;justify-content-md-center below-nav row&quot;
      data-testid=&quot;courses-page&quot;
    &gt;
      &lt;h3&gt;
        Available Courses: 
      &lt;/h3&gt;
    &lt;/div&gt;
  &lt;/div&gt;
&lt;/body&gt;
    at waitForWrapper (/home/daniele/Scrivania/PULSeBS-Team8/client/node_modules/@testing-library/dom/dist/wait-for.js:149:27)
    at Object.&lt;anonymous&gt; (/home/daniele/Scrivania/PULSeBS-Team8/client/src/api/api.test.js:272:11)
    at Promise.then.completed (/home/daniele/Scrivania/PULSeBS-Team8/client/node_modules/jest-circus/build/utils.js:276:28)
    at new Promise (&lt;anonymous&gt;)
    at callAsyncCircusFn (/home/daniele/Scrivania/PULSeBS-Team8/client/node_modules/jest-circus/build/utils.js:216:10)
    at _callCircusTest (/home/daniele/Scrivania/PULSeBS-Team8/client/node_modules/jest-circus/build/run.js:212:40)
    at _runTest (/home/daniele/Scrivania/PULSeBS-Team8/client/node_modules/jest-circus/build/run.js:149:3)
    at _runTestsForDescribeBlock (/home/daniele/Scrivania/PULSeBS-Team8/client/node_modules/jest-circus/build/run.js:63:9)
    at run (/home/daniele/Scrivania/PULSeBS-Team8/client/node_modules/jest-circus/build/run.js:25:3)
    at runAndTransformResultsToJestFormat (/home/daniele/Scrivania/PULSeBS-Team8/client/node_modules/jest-circus/build/legacy-code-todo-rewrite/jestAdapterInit.js:176:21)
    at jestAdapter (/home/daniele/Scrivania/PULSeBS-Team8/client/node_modules/jest-circus/build/legacy-code-todo-rewrite/jestAdapter.js:109:19)
    at runTestInternal (/home/daniele/Scrivania/PULSeBS-Team8/client/node_modules/jest-runner/build/runTest.js:380:16)
    at runTest (/home/daniele/Scrivania/PULSeBS-Team8/client/node_modules/jest-runner/build/runTest.js:472:34)
    at Object.worker (/home/daniele/Scrivania/PULSeBS-Team8/client/node_modules/jest-runner/build/testWorker.js:133:12)]]></failure>
</testCase>
<testCase name="student get his bookings" duration="1">
<failure message="Error"><![CDATA[Error: Cannot spy the getBookedLectures property because it is not a function; undefined given instead
    at ModuleMockerClass.spyOn (/home/daniele/Scrivania/PULSeBS-Team8/client/node_modules/jest-mock/build/index.js:792:15)
    at Object.&lt;anonymous&gt; (/home/daniele/Scrivania/PULSeBS-Team8/client/src/api/api.test.js:278:23)
    at Promise.then.completed (/home/daniele/Scrivania/PULSeBS-Team8/client/node_modules/jest-circus/build/utils.js:276:28)
    at new Promise (&lt;anonymous&gt;)
    at callAsyncCircusFn (/home/daniele/Scrivania/PULSeBS-Team8/client/node_modules/jest-circus/build/utils.js:216:10)
    at _callCircusTest (/home/daniele/Scrivania/PULSeBS-Team8/client/node_modules/jest-circus/build/run.js:212:40)
    at _runTest (/home/daniele/Scrivania/PULSeBS-Team8/client/node_modules/jest-circus/build/run.js:149:3)
    at _runTestsForDescribeBlock (/home/daniele/Scrivania/PULSeBS-Team8/client/node_modules/jest-circus/build/run.js:63:9)
    at run (/home/daniele/Scrivania/PULSeBS-Team8/client/node_modules/jest-circus/build/run.js:25:3)
    at runAndTransformResultsToJestFormat (/home/daniele/Scrivania/PULSeBS-Team8/client/node_modules/jest-circus/build/legacy-code-todo-rewrite/jestAdapterInit.js:176:21)]]></failure>
</testCase>
<testCase name="student deletes a booking" duration="1011">
<failure message="Error"><![CDATA[Error: Unable to find an element by: [data-testid=&quot;lecture-s-row&quot;]

&lt;body
  class=&quot;&quot;
  style=&quot;padding-right: 0px;&quot;
&gt;
  &lt;div&gt;
    &lt;div
      class=&quot;justify-content-md-center below-nav row&quot;
      data-testid=&quot;courses-page&quot;
    &gt;
      &lt;h3&gt;
        Available Courses: 
      &lt;/h3&gt;
    &lt;/div&gt;
  &lt;/div&gt;
&lt;/body&gt;
    at waitForWrapper (/home/daniele/Scrivania/PULSeBS-Team8/client/node_modules/@testing-library/dom/dist/wait-for.js:149:27)
    at Object.&lt;anonymous&gt; (/home/daniele/Scrivania/PULSeBS-Team8/client/src/api/api.test.js:289:11)
    at Promise.then.completed (/home/daniele/Scrivania/PULSeBS-Team8/client/node_modules/jest-circus/build/utils.js:276:28)
    at new Promise (&lt;anonymous&gt;)
    at callAsyncCircusFn (/home/daniele/Scrivania/PULSeBS-Team8/client/node_modules/jest-circus/build/utils.js:216:10)
    at _callCircusTest (/home/daniele/Scrivania/PULSeBS-Team8/client/node_modules/jest-circus/build/run.js:212:40)
    at _runTest (/home/daniele/Scrivania/PULSeBS-Team8/client/node_modules/jest-circus/build/run.js:149:3)
    at _runTestsForDescribeBlock (/home/daniele/Scrivania/PULSeBS-Team8/client/node_modules/jest-circus/build/run.js:63:9)
    at run (/home/daniele/Scrivania/PULSeBS-Team8/client/node_modules/jest-circus/build/run.js:25:3)
    at runAndTransformResultsToJestFormat (/home/daniele/Scrivania/PULSeBS-Team8/client/node_modules/jest-circus/build/legacy-code-todo-rewrite/jestAdapterInit.js:176:21)
    at jestAdapter (/home/daniele/Scrivania/PULSeBS-Team8/client/node_modules/jest-circus/build/legacy-code-todo-rewrite/jestAdapter.js:109:19)
    at runTestInternal (/home/daniele/Scrivania/PULSeBS-Team8/client/node_modules/jest-runner/build/runTest.js:380:16)
    at runTest (/home/daniele/Scrivania/PULSeBS-Team8/client/node_modules/jest-runner/build/runTest.js:472:34)
    at Object.worker (/home/daniele/Scrivania/PULSeBS-Team8/client/node_modules/jest-runner/build/testWorker.js:133:12)]]></failure>
</testCase>
</file>
</testExecutions>